This is pdfTeX, Version 3.141592653-2.6-1.40.25 (TeX Live 2023) (preloaded format=pdflatex 2023.6.21)  22 JUN 2023 07:58
entering extended mode
 restricted \write18 enabled.
 %&-line parsing enabled.
**Article.tex
(./Article.tex
LaTeX2e <2023-06-01> patch level 1
L3 programming layer <2023-06-16>
(c:/Users/offic/AppData/Roaming/TinyTeX/texmf-dist/tex/latex/apa6/apa6.cls
Document Class: apa6 2020/01/13 v2.34 APA formatting (6th edition)
(c:/Users/offic/AppData/Roaming/TinyTeX/texmf-dist/tex/latex/base/article.cls
Document Class: article 2023/05/17 v1.4n Standard LaTeX document class
(c:/Users/offic/AppData/Roaming/TinyTeX/texmf-dist/tex/latex/base/size12.clo
File: size12.clo 2023/05/17 v1.4n Standard LaTeX file (size option)
)
\c@part=\count185
\c@section=\count186
\c@subsection=\count187
\c@subsubsection=\count188
\c@paragraph=\count189
\c@subparagraph=\count190
\c@figure=\count191
\c@table=\count192
\abovecaptionskip=\skip48
\belowcaptionskip=\skip49
\bibindent=\dimen140
) (c:/Users/offic/AppData/Roaming/TinyTeX/texmf-dist/tex/latex/etoolbox/etoolbox.sty
Package: etoolbox 2020/10/05 v2.5k e-TeX tools for LaTeX (JAW)
\etb@tempcnta=\count193
)
Class apa6 Info: No bibliography package was specified; defaulting to (but not loading) Biblatex on input line 213.
(c:/Users/offic/AppData/Roaming/TinyTeX/texmf-dist/tex/latex/lm/lmodern.sty
Package: lmodern 2015/05/01 v1.6.1 Latin Modern Fonts
LaTeX Font Info:    Overwriting symbol font `operators' in version `normal'
(Font)                  OT1/cmr/m/n --> OT1/lmr/m/n on input line 22.
LaTeX Font Info:    Overwriting symbol font `letters' in version `normal'
(Font)                  OML/cmm/m/it --> OML/lmm/m/it on input line 23.
LaTeX Font Info:    Overwriting symbol font `symbols' in version `normal'
(Font)                  OMS/cmsy/m/n --> OMS/lmsy/m/n on input line 24.
LaTeX Font Info:    Overwriting symbol font `largesymbols' in version `normal'
(Font)                  OMX/cmex/m/n --> OMX/lmex/m/n on input line 25.
LaTeX Font Info:    Overwriting symbol font `operators' in version `bold'
(Font)                  OT1/cmr/bx/n --> OT1/lmr/bx/n on input line 26.
LaTeX Font Info:    Overwriting symbol font `letters' in version `bold'
(Font)                  OML/cmm/b/it --> OML/lmm/b/it on input line 27.
LaTeX Font Info:    Overwriting symbol font `symbols' in version `bold'
(Font)                  OMS/cmsy/b/n --> OMS/lmsy/b/n on input line 28.
LaTeX Font Info:    Overwriting symbol font `largesymbols' in version `bold'
(Font)                  OMX/cmex/m/n --> OMX/lmex/m/n on input line 29.
LaTeX Font Info:    Overwriting math alphabet `\mathbf' in version `normal'
(Font)                  OT1/cmr/bx/n --> OT1/lmr/bx/n on input line 31.
LaTeX Font Info:    Overwriting math alphabet `\mathsf' in version `normal'
(Font)                  OT1/cmss/m/n --> OT1/lmss/m/n on input line 32.
LaTeX Font Info:    Overwriting math alphabet `\mathit' in version `normal'
(Font)                  OT1/cmr/m/it --> OT1/lmr/m/it on input line 33.
LaTeX Font Info:    Overwriting math alphabet `\mathtt' in version `normal'
(Font)                  OT1/cmtt/m/n --> OT1/lmtt/m/n on input line 34.
LaTeX Font Info:    Overwriting math alphabet `\mathbf' in version `bold'
(Font)                  OT1/cmr/bx/n --> OT1/lmr/bx/n on input line 35.
LaTeX Font Info:    Overwriting math alphabet `\mathsf' in version `bold'
(Font)                  OT1/cmss/bx/n --> OT1/lmss/bx/n on input line 36.
LaTeX Font Info:    Overwriting math alphabet `\mathit' in version `bold'
(Font)                  OT1/cmr/bx/it --> OT1/lmr/bx/it on input line 37.
LaTeX Font Info:    Overwriting math alphabet `\mathtt' in version `bold'
(Font)                  OT1/cmtt/m/n --> OT1/lmtt/m/n on input line 38.
) (c:/Users/offic/AppData/Roaming/TinyTeX/texmf-dist/tex/latex/base/fontenc.sty
Package: fontenc 2021/04/29 v2.0v Standard LaTeX package
LaTeX Font Info:    Trying to load font information for T1+lmr on input line 112.
(c:/Users/offic/AppData/Roaming/TinyTeX/texmf-dist/tex/latex/lm/t1lmr.fd
File: t1lmr.fd 2015/05/01 v1.6.1 Font defs for Latin Modern
)) (c:/Users/offic/AppData/Roaming/TinyTeX/texmf-dist/tex/latex/geometry/geometry.sty
Package: geometry 2020/01/02 v5.9 Page Geometry
(c:/Users/offic/AppData/Roaming/TinyTeX/texmf-dist/tex/latex/graphics/keyval.sty
Package: keyval 2022/05/29 v1.15 key=value parser (DPC)
\KV@toks@=\toks17
) (c:/Users/offic/AppData/Roaming/TinyTeX/texmf-dist/tex/generic/iftex/ifvtex.sty
Package: ifvtex 2019/10/25 v1.7 ifvtex legacy package. Use iftex instead.
(c:/Users/offic/AppData/Roaming/TinyTeX/texmf-dist/tex/generic/iftex/iftex.sty
Package: iftex 2022/02/03 v1.0f TeX engine tests
))
\Gm@cnth=\count194
\Gm@cntv=\count195
\c@Gm@tempcnt=\count196
\Gm@bindingoffset=\dimen141
\Gm@wd@mp=\dimen142
\Gm@odd@mp=\dimen143
\Gm@even@mp=\dimen144
\Gm@layoutwidth=\dimen145
\Gm@layoutheight=\dimen146
\Gm@layouthoffset=\dimen147
\Gm@layoutvoffset=\dimen148
\Gm@dimlist=\toks18
) (c:/Users/offic/AppData/Roaming/TinyTeX/texmf-dist/tex/latex/graphics/graphicx.sty
Package: graphicx 2021/09/16 v1.2d Enhanced LaTeX Graphics (DPC,SPQR)
(c:/Users/offic/AppData/Roaming/TinyTeX/texmf-dist/tex/latex/graphics/graphics.sty
Package: graphics 2022/03/10 v1.4e Standard LaTeX Graphics (DPC,SPQR)
(c:/Users/offic/AppData/Roaming/TinyTeX/texmf-dist/tex/latex/graphics/trig.sty
Package: trig 2021/08/11 v1.11 sin cos tan (DPC)
) (c:/Users/offic/AppData/Roaming/TinyTeX/texmf-dist/tex/latex/graphics-cfg/graphics.cfg
File: graphics.cfg 2016/06/04 v1.11 sample graphics configuration
)
Package graphics Info: Driver file: pdftex.def on input line 107.
(c:/Users/offic/AppData/Roaming/TinyTeX/texmf-dist/tex/latex/graphics-def/pdftex.def
File: pdftex.def 2022/09/22 v1.2b Graphics/color driver for pdftex
))
\Gin@req@height=\dimen149
\Gin@req@width=\dimen150
) (c:/Users/offic/AppData/Roaming/TinyTeX/texmf-dist/tex/latex/booktabs/booktabs.sty
Package: booktabs 2020/01/12 v1.61803398 Publication quality tables
\heavyrulewidth=\dimen151
\lightrulewidth=\dimen152
\cmidrulewidth=\dimen153
\belowrulesep=\dimen154
\belowbottomsep=\dimen155
\aboverulesep=\dimen156
\abovetopsep=\dimen157
\cmidrulesep=\dimen158
\cmidrulekern=\dimen159
\defaultaddspace=\dimen160
\@cmidla=\count197
\@cmidlb=\count198
\@aboverulesep=\dimen161
\@belowrulesep=\dimen162
\@thisruleclass=\count199
\@lastruleclass=\count266
\@thisrulewidth=\dimen163
) (c:/Users/offic/AppData/Roaming/TinyTeX/texmf-dist/tex/latex/threeparttable/threeparttable.sty
Package: threeparttable 2003/06/13  v 3.0
\@tempboxb=\box51
)
\b@level@one@skip=\skip50
\e@level@one@skip=\skip51
\b@level@two@skip=\skip52
\e@level@two@skip=\skip53
\b@level@three@skip=\skip54
\e@level@three@skip=\skip55
\b@level@four@skip=\skip56
\e@level@four@skip=\skip57
\b@level@five@skip=\skip58
\e@level@five@skip=\skip59
(c:/Users/offic/AppData/Roaming/TinyTeX/texmf-dist/tex/latex/caption/caption.sty
Package: caption 2023/03/12 v3.6j Customizing captions (AR)
(c:/Users/offic/AppData/Roaming/TinyTeX/texmf-dist/tex/latex/caption/caption3.sty
Package: caption3 2023/03/12 v2.4 caption3 kernel (AR)
\caption@tempdima=\dimen164
\captionmargin=\dimen165
\caption@leftmargin=\dimen166
\caption@rightmargin=\dimen167
\caption@width=\dimen168
\caption@indent=\dimen169
\caption@parindent=\dimen170
\caption@hangindent=\dimen171
Package caption Info: Standard document class detected.
)
\c@caption@flags=\count267
\c@continuedfloat=\count268
Package caption Info: threeparttable package is loaded.
)
\c@APAenum=\count269
\@text@par@indent=\skip60
\gr@box=\box52
\gr@boxwidth=\skip61
\gr@boxheight=\skip62
(c:/Users/offic/AppData/Roaming/TinyTeX/texmf-dist/tex/latex/tools/bm.sty
Package: bm 2022/01/05 v1.2f Bold Symbol Support (DPC/FMi)
\symboldoperators=\mathgroup4
\symboldletters=\mathgroup5
\symboldsymbols=\mathgroup6
Package bm Info: No bold for \OMX/lmex/m/n, using \pmb.
LaTeX Font Info:    Redeclaring math alphabet \mathbf on input line 149.
)
\c@appendix=\count270
(c:/Users/offic/AppData/Roaming/TinyTeX/texmf-dist/tex/latex/fancyhdr/fancyhdr.sty
Package: fancyhdr 2022/11/09 v4.1 Extensive control of page headers and footers
\f@nch@headwidth=\skip63
\f@nch@O@elh=\skip64
\f@nch@O@erh=\skip65
\f@nch@O@olh=\skip66
\f@nch@O@orh=\skip67
\f@nch@O@elf=\skip68
\f@nch@O@erf=\skip69
\f@nch@O@olf=\skip70
\f@nch@O@orf=\skip71
) (c:/Users/offic/AppData/Roaming/TinyTeX/texmf-dist/tex/latex/endfloat/endfloat.sty
Package: endfloat 2019/04/15 v2.7 LaTeX2e package puts figures and tables at end (jdm)
\c@posttable=\count271
\efloat@postttt=\write3
\@ef@tttopen=\count272
\c@postfigure=\count273
\efloat@postfff=\write4
\@ef@fffopen=\count274
)) (c:/Users/offic/AppData/Roaming/TinyTeX/texmf-dist/tex/latex/amsmath/amsmath.sty
Package: amsmath 2023/05/13 v2.17o AMS math features
\@mathmargin=\skip72
For additional information on amsmath, use the `?' option.
(c:/Users/offic/AppData/Roaming/TinyTeX/texmf-dist/tex/latex/amsmath/amstext.sty
Package: amstext 2021/08/26 v2.01 AMS text
(c:/Users/offic/AppData/Roaming/TinyTeX/texmf-dist/tex/latex/amsmath/amsgen.sty
File: amsgen.sty 1999/11/30 v2.0 generic functions
\@emptytoks=\toks19
\ex@=\dimen172
)) (c:/Users/offic/AppData/Roaming/TinyTeX/texmf-dist/tex/latex/amsmath/amsbsy.sty
Package: amsbsy 1999/11/29 v1.2d Bold Symbols
LaTeX Info: Redefining \boldsymbol on input line 28.
\pmbraise@=\dimen173
) (c:/Users/offic/AppData/Roaming/TinyTeX/texmf-dist/tex/latex/amsmath/amsopn.sty
Package: amsopn 2022/04/08 v2.04 operator names
)
\inf@bad=\count275
LaTeX Info: Redefining \frac on input line 234.
\uproot@=\count276
\leftroot@=\count277
LaTeX Info: Redefining \overline on input line 399.
LaTeX Info: Redefining \colon on input line 410.
\classnum@=\count278
\DOTSCASE@=\count279
LaTeX Info: Redefining \ldots on input line 496.
LaTeX Info: Redefining \dots on input line 499.
LaTeX Info: Redefining \cdots on input line 620.
\Mathstrutbox@=\box53
\strutbox@=\box54
LaTeX Info: Redefining \big on input line 722.
LaTeX Info: Redefining \Big on input line 723.
LaTeX Info: Redefining \bigg on input line 724.
LaTeX Info: Redefining \Bigg on input line 725.
\big@size=\dimen174
LaTeX Font Info:    Redeclaring font encoding OML on input line 743.
LaTeX Font Info:    Redeclaring font encoding OMS on input line 744.
\macc@depth=\count280
LaTeX Info: Redefining \bmod on input line 905.
LaTeX Info: Redefining \pmod on input line 910.
LaTeX Info: Redefining \smash on input line 940.
LaTeX Info: Redefining \relbar on input line 970.
LaTeX Info: Redefining \Relbar on input line 971.
\c@MaxMatrixCols=\count281
\dotsspace@=\muskip16
\c@parentequation=\count282
\dspbrk@lvl=\count283
\tag@help=\toks20
\row@=\count284
\column@=\count285
\maxfields@=\count286
\andhelp@=\toks21
\eqnshift@=\dimen175
\alignsep@=\dimen176
\tagshift@=\dimen177
\tagwidth@=\dimen178
\totwidth@=\dimen179
\lineht@=\dimen180
\@envbody=\toks22
\multlinegap=\skip73
\multlinetaggap=\skip74
\mathdisplay@stack=\toks23
LaTeX Info: Redefining \[ on input line 2953.
LaTeX Info: Redefining \] on input line 2954.
) (c:/Users/offic/AppData/Roaming/TinyTeX/texmf-dist/tex/latex/amsfonts/amssymb.sty
Package: amssymb 2013/01/14 v3.01 AMS font symbols
(c:/Users/offic/AppData/Roaming/TinyTeX/texmf-dist/tex/latex/amsfonts/amsfonts.sty
Package: amsfonts 2013/01/14 v3.01 Basic AMSFonts support
\symAMSa=\mathgroup7
\symAMSb=\mathgroup8
LaTeX Font Info:    Redeclaring math symbol \hbar on input line 98.
LaTeX Font Info:    Overwriting math alphabet `\mathfrak' in version `bold'
(Font)                  U/euf/m/n --> U/euf/b/n on input line 106.
)) (c:/Users/offic/AppData/Roaming/TinyTeX/texmf-dist/tex/latex/base/fontenc.sty
Package: fontenc 2021/04/29 v2.0v Standard LaTeX package
) (c:/Users/offic/AppData/Roaming/TinyTeX/texmf-dist/tex/latex/base/inputenc.sty
Package: inputenc 2021/02/14 v1.3d Input encoding file
\inpenc@prehook=\toks24
\inpenc@posthook=\toks25
) (c:/Users/offic/AppData/Roaming/TinyTeX/texmf-dist/tex/latex/base/textcomp.sty
Package: textcomp 2020/02/02 v2.0n Standard LaTeX package
) (c:/Users/offic/AppData/Roaming/TinyTeX/texmf-dist/tex/latex/xcolor/xcolor.sty
Package: xcolor 2022/06/12 v2.14 LaTeX color extensions (UK)
(c:/Users/offic/AppData/Roaming/TinyTeX/texmf-dist/tex/latex/graphics-cfg/color.cfg
File: color.cfg 2016/01/02 v1.6 sample color configuration
)
Package xcolor Info: Driver file: pdftex.def on input line 227.
(c:/Users/offic/AppData/Roaming/TinyTeX/texmf-dist/tex/latex/graphics/mathcolor.ltx)
Package xcolor Info: Model `cmy' substituted by `cmy0' on input line 1353.
Package xcolor Info: Model `hsb' substituted by `rgb' on input line 1357.
Package xcolor Info: Model `RGB' extended on input line 1369.
Package xcolor Info: Model `HTML' substituted by `rgb' on input line 1371.
Package xcolor Info: Model `Hsb' substituted by `hsb' on input line 1372.
Package xcolor Info: Model `tHsb' substituted by `hsb' on input line 1373.
Package xcolor Info: Model `HSB' substituted by `hsb' on input line 1374.
Package xcolor Info: Model `Gray' substituted by `gray' on input line 1375.
Package xcolor Info: Model `wave' substituted by `hsb' on input line 1376.
) (c:/Users/offic/AppData/Roaming/TinyTeX/texmf-dist/tex/generic/babel/babel.sty
Package: babel 2023/05/11 v3.89 The Babel package
\babel@savecnt=\count287
\U@D=\dimen181
\l@unhyphenated=\language3
(c:/Users/offic/AppData/Roaming/TinyTeX/texmf-dist/tex/generic/babel/txtbabel.def)
\bbl@readstream=\read2
\bbl@dirlevel=\count288
Package babel Info: You haven't specified a language as a class or package
(babel)             option. I'll load 'nil'. Reported on input line 4262.
(c:/Users/offic/AppData/Roaming/TinyTeX/texmf-dist/tex/generic/babel/nil.ldf
Language: nil 2023/05/11 v3.89 Nil language
\l@nil=\language4
))
\everypar=\toks26
(c:/Users/offic/AppData/Roaming/TinyTeX/texmf-dist/tex/generic/babel/locale/en/babel-english.tex)
Package babel Info: Importing data for english
(babel)             from babel-en.ini. Reported on input line 70.
(c:/Users/offic/AppData/Roaming/TinyTeX/texmf-dist/tex/latex/was/upgreek.sty
Package: upgreek 2003/02/12 v2.0 (WaS)
Package upgreek Info: Using Euler Roman for upright Greek on input line 31.
\symugrf@m=\mathgroup9
LaTeX Font Info:    Overwriting symbol font `ugrf@m' in version `bold'
(Font)                  U/eur/m/n --> U/eur/b/n on input line 38.
) (c:/Users/offic/AppData/Roaming/TinyTeX/texmf-dist/tex/latex/tools/longtable.sty
Package: longtable 2021-09-01 v4.17 Multi-page Table package (DPC)
\LTleft=\skip75
\LTright=\skip76
\LTpre=\skip77
\LTpost=\skip78
\LTchunksize=\count289
\LTcapwidth=\dimen182
\LT@head=\box55
\LT@firsthead=\box56
\LT@foot=\box57
\LT@lastfoot=\box58
\LT@gbox=\box59
\LT@cols=\count290
\LT@rows=\count291
\c@LT@tables=\count292
\c@LT@chunks=\count293
\LT@p@ftn=\toks27
) (c:/Users/offic/AppData/Roaming/TinyTeX/texmf-dist/tex/latex/graphics/lscape.sty
Package: lscape 2020/05/28 v3.02 Landscape Pages (DPC)
) (c:/Users/offic/AppData/Roaming/TinyTeX/texmf-dist/tex/latex/multirow/multirow.sty
Package: multirow 2021/03/15 v2.8 Span multiple rows of a table
\multirow@colwidth=\skip79
\multirow@cntb=\count294
\multirow@dima=\skip80
\bigstrutjot=\dimen183
) (c:/Users/offic/AppData/Roaming/TinyTeX/texmf-dist/tex/latex/tools/tabularx.sty
Package: tabularx 2020/01/15 v2.11c `tabularx' package (DPC)
(c:/Users/offic/AppData/Roaming/TinyTeX/texmf-dist/tex/latex/tools/array.sty
Package: array 2022/09/04 v2.5g Tabular extension package (FMi)
\col@sep=\dimen184
\ar@mcellbox=\box60
\extrarowheight=\dimen185
\NC@list=\toks28
\extratabsurround=\skip81
\backup@length=\skip82
\ar@cellbox=\box61
)
\TX@col@width=\dimen186
\TX@old@table=\dimen187
\TX@old@col=\dimen188
\TX@target=\dimen189
\TX@delta=\dimen190
\TX@cols=\count295
\TX@ftn=\toks29
) (c:/Users/offic/AppData/Roaming/TinyTeX/texmf-dist/tex/latex/threeparttablex/threeparttablex.sty
Package: threeparttablex 2013/07/23 v0.3 by daleif
(c:/Users/offic/AppData/Roaming/TinyTeX/texmf-dist/tex/latex/environ/environ.sty
Package: environ 2014/05/04 v0.3 A new way to define environments
(c:/Users/offic/AppData/Roaming/TinyTeX/texmf-dist/tex/latex/trimspaces/trimspaces.sty
Package: trimspaces 2009/09/17 v1.1 Trim spaces around a token list
))
\TPTL@width=\skip83
)
\longtablewidth=\skip84
Failed to patch abstract.
Failed to patch title.
(c:/Users/offic/AppData/Roaming/TinyTeX/texmf-dist/tex/latex/xpatch/xpatch.sty (c:/Users/offic/AppData/Roaming/TinyTeX/texmf-dist/tex/latex/l3kernel/expl3.sty
Package: expl3 2023-06-16 L3 programming layer (loader) 
(c:/Users/offic/AppData/Roaming/TinyTeX/texmf-dist/tex/latex/l3backend/l3backend-pdftex.def
File: l3backend-pdftex.def 2023-04-19 L3 backend support: PDF output (pdfTeX)
\l__color_backend_stack_int=\count296
\l__pdf_internal_box=\box62
))
Package: xpatch 2020/03/25 v0.3a Extending etoolbox patching commands
(c:/Users/offic/AppData/Roaming/TinyTeX/texmf-dist/tex/latex/l3packages/xparse/xparse.sty
Package: xparse 2023-02-02 L3 Experimental document command parser
)) (c:/Users/offic/AppData/Roaming/TinyTeX/texmf-dist/tex/latex/lineno/lineno.sty
Package: lineno 2023/05/20 line numbers on paragraphs v5.3
(c:/Users/offic/AppData/Roaming/TinyTeX/texmf-dist/tex/latex/kvoptions/kvoptions.sty
Package: kvoptions 2022-06-15 v3.15 Key value format for package options (HO)
(c:/Users/offic/AppData/Roaming/TinyTeX/texmf-dist/tex/generic/ltxcmds/ltxcmds.sty
Package: ltxcmds 2020-05-10 v1.25 LaTeX kernel commands for general use (HO)
) (c:/Users/offic/AppData/Roaming/TinyTeX/texmf-dist/tex/latex/kvsetkeys/kvsetkeys.sty
Package: kvsetkeys 2022-10-05 v1.19 Key value parser (HO)
))
\linenopenalty=\count297
\output=\toks30
\linenoprevgraf=\count298
\linenumbersep=\dimen191
\linenumberwidth=\dimen192
\c@linenumber=\count299
\c@pagewiselinenumber=\count300
\c@LN@truepage=\count301
\c@internallinenumber=\count302
\c@internallinenumbers=\count303
\quotelinenumbersep=\dimen193
\bframerule=\dimen194
\bframesep=\dimen195
\bframebox=\box63
\linenoamsmath@ams@eqpen=\count304
LaTeX Info: Redefining \\ on input line 3180.
) (c:/Users/offic/AppData/Roaming/TinyTeX/texmf-dist/tex/latex/csquotes/csquotes.sty
Package: csquotes 2022-09-14 v5.2n context-sensitive quotations (JAW)
\csq@reset=\count305
\csq@gtype=\count306
\csq@glevel=\count307
\csq@qlevel=\count308
\csq@maxlvl=\count309
\csq@tshold=\count310
\csq@ltx@everypar=\toks31
(c:/Users/offic/AppData/Roaming/TinyTeX/texmf-dist/tex/latex/csquotes/csquotes.def
File: csquotes.def 2022-09-14 v5.2n csquotes generic definitions (JAW)
)
Package csquotes Info: Trying to load configuration file 'csquotes.cfg'...
Package csquotes Info: ... configuration file loaded successfully.
(c:/Users/offic/AppData/Roaming/TinyTeX/texmf-dist/tex/latex/csquotes/csquotes.cfg
File: csquotes.cfg 
)) (c:/Users/offic/AppData/Roaming/TinyTeX/texmf-dist/tex/latex/natbib/natbib.sty
Package: natbib 2010/09/13 8.31b (PWD, AO)
\bibhang=\skip85
\bibsep=\skip86
LaTeX Info: Redefining \cite on input line 694.
\c@NAT@ctr=\count311
) (c:/Users/offic/AppData/Roaming/TinyTeX/texmf-dist/tex/latex/hyperref/hyperref.sty
Package: hyperref 2023-05-16 v7.00y Hypertext links for LaTeX
(c:/Users/offic/AppData/Roaming/TinyTeX/texmf-dist/tex/generic/pdftexcmds/pdftexcmds.sty
Package: pdftexcmds 2020-06-27 v0.33 Utility functions of pdfTeX for LuaTeX (HO)
(c:/Users/offic/AppData/Roaming/TinyTeX/texmf-dist/tex/generic/infwarerr/infwarerr.sty
Package: infwarerr 2019/12/03 v1.5 Providing info/warning/error messages (HO)
)
Package pdftexcmds Info: \pdf@primitive is available.
Package pdftexcmds Info: \pdf@ifprimitive is available.
Package pdftexcmds Info: \pdfdraftmode found.
) (c:/Users/offic/AppData/Roaming/TinyTeX/texmf-dist/tex/generic/kvdefinekeys/kvdefinekeys.sty
Package: kvdefinekeys 2019-12-19 v1.6 Define keys (HO)
) (c:/Users/offic/AppData/Roaming/TinyTeX/texmf-dist/tex/generic/pdfescape/pdfescape.sty
Package: pdfescape 2019/12/09 v1.15 Implements pdfTeX's escape features (HO)
) (c:/Users/offic/AppData/Roaming/TinyTeX/texmf-dist/tex/latex/hycolor/hycolor.sty
Package: hycolor 2020-01-27 v1.10 Color options for hyperref/bookmark (HO)
) (c:/Users/offic/AppData/Roaming/TinyTeX/texmf-dist/tex/latex/letltxmacro/letltxmacro.sty
Package: letltxmacro 2019/12/03 v1.6 Let assignment for LaTeX macros (HO)
) (c:/Users/offic/AppData/Roaming/TinyTeX/texmf-dist/tex/latex/auxhook/auxhook.sty
Package: auxhook 2019-12-17 v1.6 Hooks for auxiliary files (HO)
) (c:/Users/offic/AppData/Roaming/TinyTeX/texmf-dist/tex/latex/hyperref/nameref.sty
Package: nameref 2023-05-16 v2.51 Cross-referencing by name of section
(c:/Users/offic/AppData/Roaming/TinyTeX/texmf-dist/tex/latex/refcount/refcount.sty
Package: refcount 2019/12/15 v3.6 Data extraction from label references (HO)
) (c:/Users/offic/AppData/Roaming/TinyTeX/texmf-dist/tex/generic/gettitlestring/gettitlestring.sty
Package: gettitlestring 2019/12/15 v1.6 Cleanup title references (HO)
)
\c@section@level=\count312
)
\@linkdim=\dimen196
\Hy@linkcounter=\count313
\Hy@pagecounter=\count314
(c:/Users/offic/AppData/Roaming/TinyTeX/texmf-dist/tex/latex/hyperref/pd1enc.def
File: pd1enc.def 2023-05-16 v7.00y Hyperref: PDFDocEncoding definition (HO)
Now handling font encoding PD1 ...
... no UTF-8 mapping file for font encoding PD1
) (c:/Users/offic/AppData/Roaming/TinyTeX/texmf-dist/tex/generic/intcalc/intcalc.sty
Package: intcalc 2019/12/15 v1.3 Expandable calculations with integers (HO)
)
\Hy@SavedSpaceFactor=\count315
(c:/Users/offic/AppData/Roaming/TinyTeX/texmf-dist/tex/latex/hyperref/puenc.def
File: puenc.def 2023-05-16 v7.00y Hyperref: PDF Unicode definition (HO)
Now handling font encoding PU ...
... no UTF-8 mapping file for font encoding PU
)
Package hyperref Info: Option `unicode' set `true' on input line 4050.
Package hyperref Info: Hyper figures OFF on input line 4167.
Package hyperref Info: Link nesting OFF on input line 4172.
Package hyperref Info: Hyper index ON on input line 4175.
Package hyperref Info: Plain pages OFF on input line 4182.
Package hyperref Info: Backreferencing OFF on input line 4187.
Package hyperref Info: Implicit mode ON; LaTeX internals redefined.
Package hyperref Info: Bookmarks ON on input line 4434.
\c@Hy@tempcnt=\count316
(c:/Users/offic/AppData/Roaming/TinyTeX/texmf-dist/tex/latex/url/url.sty
\Urlmuskip=\muskip17
Package: url 2013/09/16  ver 3.4  Verb mode for urls, etc.
)
LaTeX Info: Redefining \url on input line 4772.
\XeTeXLinkMargin=\dimen197
(c:/Users/offic/AppData/Roaming/TinyTeX/texmf-dist/tex/generic/bitset/bitset.sty
Package: bitset 2019/12/09 v1.3 Handle bit-vector datatype (HO)
(c:/Users/offic/AppData/Roaming/TinyTeX/texmf-dist/tex/generic/bigintcalc/bigintcalc.sty
Package: bigintcalc 2019/12/15 v1.5 Expandable calculations on big integers (HO)
))
\Fld@menulength=\count317
\Field@Width=\dimen198
\Fld@charsize=\dimen199
Package hyperref Info: Hyper figures OFF on input line 6051.
Package hyperref Info: Link nesting OFF on input line 6056.
Package hyperref Info: Hyper index ON on input line 6059.
Package hyperref Info: backreferencing OFF on input line 6066.
Package hyperref Info: Link coloring OFF on input line 6071.
Package hyperref Info: Link coloring with OCG OFF on input line 6076.
Package hyperref Info: PDF/A mode OFF on input line 6081.
(c:/Users/offic/AppData/Roaming/TinyTeX/texmf-dist/tex/latex/base/atbegshi-ltx.sty
Package: atbegshi-ltx 2021/01/10 v1.0c Emulation of the original atbegshi
package with kernel methods
)
\Hy@abspage=\count318
\c@Item=\count319
\c@Hfootnote=\count320
)
Package hyperref Info: Driver (autodetected): hpdftex.
(c:/Users/offic/AppData/Roaming/TinyTeX/texmf-dist/tex/latex/hyperref/hpdftex.def
File: hpdftex.def 2023-05-16 v7.00y Hyperref driver for pdfTeX
(c:/Users/offic/AppData/Roaming/TinyTeX/texmf-dist/tex/latex/base/atveryend-ltx.sty
Package: atveryend-ltx 2020/08/19 v1.0a Emulation of the original atveryend package
with kernel methods
)
\Fld@listcount=\count321
\c@bookmark@seq@number=\count322
(c:/Users/offic/AppData/Roaming/TinyTeX/texmf-dist/tex/latex/rerunfilecheck/rerunfilecheck.sty
Package: rerunfilecheck 2022-07-10 v1.10 Rerun checks for auxiliary files (HO)
(c:/Users/offic/AppData/Roaming/TinyTeX/texmf-dist/tex/generic/uniquecounter/uniquecounter.sty
Package: uniquecounter 2019/12/15 v1.4 Provide unlimited unique counter (HO)
)
Package uniquecounter Info: New unique counter `rerunfilecheck' on input line 285.
)
\Hy@SectionHShift=\skip87
)
Package csquotes Info: Checking for multilingual support...
Package csquotes Info: ... found 'babel' package.
Package csquotes Info: Adjusting default style.
Package csquotes Info: Redefining alias 'default' -> 'english'.
No file Article.aux.
\openout1 = `Article.aux'.

LaTeX Font Info:    Checking defaults for OML/cmm/m/it on input line 203.
LaTeX Font Info:    ... okay on input line 203.
LaTeX Font Info:    Checking defaults for OMS/cmsy/m/n on input line 203.
LaTeX Font Info:    ... okay on input line 203.
LaTeX Font Info:    Checking defaults for OT1/cmr/m/n on input line 203.
LaTeX Font Info:    ... okay on input line 203.
LaTeX Font Info:    Checking defaults for T1/cmr/m/n on input line 203.
LaTeX Font Info:    ... okay on input line 203.
LaTeX Font Info:    Checking defaults for TS1/cmr/m/n on input line 203.
LaTeX Font Info:    ... okay on input line 203.
LaTeX Font Info:    Checking defaults for OMX/cmex/m/n on input line 203.
LaTeX Font Info:    ... okay on input line 203.
LaTeX Font Info:    Checking defaults for U/cmr/m/n on input line 203.
LaTeX Font Info:    ... okay on input line 203.
LaTeX Font Info:    Checking defaults for PD1/pdf/m/n on input line 203.
LaTeX Font Info:    ... okay on input line 203.
LaTeX Font Info:    Checking defaults for PU/pdf/m/n on input line 203.
LaTeX Font Info:    ... okay on input line 203.
*geometry* driver: auto-detecting
*geometry* detected driver: pdftex
*geometry* verbose mode - [ preamble ] result:
* driver: pdftex
* paper: <default>
* layout: <same size as paper>
* layoutoffset:(h,v)=(0.0pt,0.0pt)
* modes: twoside 
* h-part:(L,W,R)=(72.26999pt, 469.75502pt, 72.26999pt)
* v-part:(T,H,B)=(72.26999pt, 650.43001pt, 72.26999pt)
* \paperwidth=614.295pt
* \paperheight=794.96999pt
* \textwidth=469.75502pt
* \textheight=650.43001pt
* \oddsidemargin=0.0pt
* \evensidemargin=0.0pt
* \topmargin=-37.0pt
* \headheight=15.2pt
* \headsep=25.0pt
* \topskip=12.0pt
* \footskip=30.0pt
* \marginparwidth=95.0pt
* \marginparsep=10.0pt
* \columnsep=10.0pt
* \skip\footins=10.8pt plus 4.0pt minus 2.0pt
* \hoffset=0.0pt
* \voffset=0.0pt
* \mag=1000
* \@twocolumnfalse
* \@twosidetrue
* \@mparswitchtrue
* \@reversemarginfalse
* (1in=72.27pt=25.4mm, 1cm=28.453pt)

(c:/Users/offic/AppData/Roaming/TinyTeX/texmf-dist/tex/latex/epstopdf-pkg/epstopdf-base.sty
Package: epstopdf-base 2020-01-24 v2.11 Base part for package epstopdf
Package epstopdf-base Info: Redefining graphics rule for `.eps' on input line 485.
(c:/Users/offic/AppData/Roaming/TinyTeX/texmf-dist/tex/latex/latexconfig/epstopdf-sys.cfg
File: epstopdf-sys.cfg 2010/07/13 v1.3 Configuration of (r)epstopdf for TeX Live
)) (c:/Users/offic/AppData/Roaming/TinyTeX/texmf-dist/tex/latex/apa6/config/APAamerican.txt
File: APAamerican.txt 2012/02/23 v1.25 apa6 configuration for American English
)
Package caption Info: Begin \AtBeginDocument code.
Package caption Info: hyperref package is loaded.
Package caption Info: longtable package is loaded.
(c:/Users/offic/AppData/Roaming/TinyTeX/texmf-dist/tex/latex/caption/ltcaption.sty
Package: ltcaption 2021/01/08 v1.4c longtable captions (AR)
)
Package caption Info: End \AtBeginDocument code.
Package hyperref Info: Link coloring OFF on input line 203.
\@outlinefile=\write5
\openout5 = `Article.out'.

LaTeX Font Info:    Trying to load font information for T1+lmss on input line 205.
(c:/Users/offic/AppData/Roaming/TinyTeX/texmf-dist/tex/latex/lm/t1lmss.fd
File: t1lmss.fd 2015/05/01 v1.6.1 Font defs for Latin Modern
)
LaTeX Font Info:    Trying to load font information for OT1+lmr on input line 205.
(c:/Users/offic/AppData/Roaming/TinyTeX/texmf-dist/tex/latex/lm/ot1lmr.fd
File: ot1lmr.fd 2015/05/01 v1.6.1 Font defs for Latin Modern
)
LaTeX Font Info:    Trying to load font information for OML+lmm on input line 205.
(c:/Users/offic/AppData/Roaming/TinyTeX/texmf-dist/tex/latex/lm/omllmm.fd
File: omllmm.fd 2015/05/01 v1.6.1 Font defs for Latin Modern
)
LaTeX Font Info:    Trying to load font information for OMS+lmsy on input line 205.
(c:/Users/offic/AppData/Roaming/TinyTeX/texmf-dist/tex/latex/lm/omslmsy.fd
File: omslmsy.fd 2015/05/01 v1.6.1 Font defs for Latin Modern
)
LaTeX Font Info:    Trying to load font information for OMX+lmex on input line 205.
(c:/Users/offic/AppData/Roaming/TinyTeX/texmf-dist/tex/latex/lm/omxlmex.fd
File: omxlmex.fd 2015/05/01 v1.6.1 Font defs for Latin Modern
)
LaTeX Font Info:    External font `lmex10' loaded for size
(Font)              <12> on input line 205.
LaTeX Font Info:    External font `lmex10' loaded for size
(Font)              <8> on input line 205.
LaTeX Font Info:    External font `lmex10' loaded for size
(Font)              <6> on input line 205.
LaTeX Font Info:    Trying to load font information for U+msa on input line 205.
(c:/Users/offic/AppData/Roaming/TinyTeX/texmf-dist/tex/latex/amsfonts/umsa.fd
File: umsa.fd 2013/01/14 v3.01 AMS symbols A
)
LaTeX Font Info:    Trying to load font information for U+msb on input line 205.
(c:/Users/offic/AppData/Roaming/TinyTeX/texmf-dist/tex/latex/amsfonts/umsb.fd
File: umsb.fd 2013/01/14 v3.01 AMS symbols B
)

Package fancyhdr Warning: \headheight is too small (15.2pt): 
(fancyhdr)                Make it at least 27.11652pt, for example:
(fancyhdr)                \setlength{\headheight}{27.11652pt}.
(fancyhdr)                You might also make \topmargin smaller to compensate:
(fancyhdr)                \addtolength{\topmargin}{-11.91652pt}.

[1{c:/Users/offic/AppData/Roaming/TinyTeX/texmf-var/fonts/map/pdftex/updmap/pdftex.map}{c:/Users/offic/AppData/Roaming/TinyTeX/texmf-dist/fonts/enc/dvips/lm/lm-ec.enc}

]

Package fancyhdr Warning: \headheight is too small (15.2pt): 
(fancyhdr)                Make it at least 27.11652pt, for example:
(fancyhdr)                \setlength{\headheight}{27.11652pt}.
(fancyhdr)                You might also make \topmargin smaller to compensate:
(fancyhdr)                \addtolength{\topmargin}{-11.91652pt}.

[2]

Package natbib Warning: Citation `androniceanuTransparencyPublicAdministration2021b' on page 3 undefined on input line 209.


Package natbib Warning: Citation `drorTransparencyOpennessQuality1999' on page 3 undefined on input line 211.


Package natbib Warning: Citation `pozenSeeingTransparencyMore2020' on page 3 undefined on input line 211.


Package natbib Warning: Citation `slabuTransparencyDigitalizationPublic2021' on page 3 undefined on input line 213.


Package natbib Warning: Citation `mynenkoImpactDigitalizationTransparency2022' on page 3 undefined on input line 213.


Package natbib Warning: Citation `erkkilaTransparencyPublicAdministration2020' on page 3 undefined on input line 215.


Package natbib Warning: Citation `LEGE54412' on page 3 undefined on input line 217.


Package natbib Warning: Citation `LEGE5221' on page 3 undefined on input line 217.


Package fancyhdr Warning: \headheight is too small (15.2pt): 
(fancyhdr)                Make it at least 27.11652pt, for example:
(fancyhdr)                \setlength{\headheight}{27.11652pt}.
(fancyhdr)                You might also make \topmargin smaller to compensate:
(fancyhdr)                \addtolength{\topmargin}{-11.91652pt}.

[3]

Package natbib Warning: Citation `androniceanuTransparencyPublicAdministration2021b' on page 4 undefined on input line 224.


Package natbib Warning: Citation `armstrongIntegrityTransparencyAccountability2005' on page 4 undefined on input line 224.


Package natbib Warning: Citation `drorTransparencyOpennessQuality1999' on page 4 undefined on input line 224.


Package natbib Warning: Citation `bugaricOpennessTransparencyPublic2004' on page 4 undefined on input line 224.


Package natbib Warning: Citation `kimEparticipationTransparencyTrust2012' on page 4 undefined on input line 224.


Package natbib Warning: Citation `pozenSeeingTransparencyMore2020' on page 4 undefined on input line 224.


Package natbib Warning: Citation `beblavyConceptualFrameworkUnderstanding2022' on page 4 undefined on input line 226.


Package natbib Warning: Citation `erkkilaTransparencyPublicAdministration2020' on page 4 undefined on input line 226.


Package natbib Warning: Citation `beblavyConceptualFrameworkUnderstanding2022' on page 4 undefined on input line 226.


Package natbib Warning: Citation `erkkilaTransparencyPublicAdministration2020' on page 4 undefined on input line 228.


Package natbib Warning: Citation `armstrongIntegrityTransparencyAccountability2005' on page 4 undefined on input line 230.


Package natbib Warning: Citation `jashariRolePrincipleTransparency2018' on page 4 undefined on input line 230.


Package natbib Warning: Citation `armstrongIntegrityTransparencyAccountability2005' on page 4 undefined on input line 230.


Package natbib Warning: Citation `jashariRolePrincipleTransparency2018' on page 4 undefined on input line 230.


Package fancyhdr Warning: \headheight is too small (15.2pt): 
(fancyhdr)                Make it at least 27.11652pt, for example:
(fancyhdr)                \setlength{\headheight}{27.11652pt}.
(fancyhdr)                You might also make \topmargin smaller to compensate:
(fancyhdr)                \addtolength{\topmargin}{-11.91652pt}.

[4]

Package natbib Warning: Citation `araujoLocalGovernmentTransparency2016' on page 5 undefined on input line 232.


Package natbib Warning: Citation `bauhrWhenDoesTransparency2021' on page 5 undefined on input line 234.


Package natbib Warning: Citation `pascanTransparencyPublicAdministration2021' on page 5 undefined on input line 234.


Package natbib Warning: Citation `slabuTransparencyDigitalizationPublic2021' on page 5 undefined on input line 234.


Package natbib Warning: Citation `mynenkoImpactDigitalizationTransparency2022' on page 5 undefined on input line 234.


Package natbib Warning: Citation `bauhrWhenDoesTransparency2021' on page 5 undefined on input line 234.


Package natbib Warning: Citation `pascanTransparencyPublicAdministration2021' on page 5 undefined on input line 234.


Package natbib Warning: Citation `slabuTransparencyDigitalizationPublic2021' on page 5 undefined on input line 234.


Package natbib Warning: Citation `mynenkoImpactDigitalizationTransparency2022' on page 5 undefined on input line 234.


Package natbib Warning: Citation `pozenSeeingTransparencyMore2020' on page 5 undefined on input line 236.


Package natbib Warning: Citation `demingoImprovingRecordsManagement2018' on page 5 undefined on input line 236.


Package natbib Warning: Citation `pozenSeeingTransparencyMore2020' on page 5 undefined on input line 236.


Package natbib Warning: Citation `demingoImprovingRecordsManagement2018' on page 5 undefined on input line 236.


Package natbib Warning: Citation `ruijerPoliticsOpenGovernment2020' on page 5 undefined on input line 238.


Package natbib Warning: Citation `edesRolePublicAdministration2000' on page 5 undefined on input line 240.


Package natbib Warning: Citation `corinaIMAGELOCALPUBLIC2013' on page 5 undefined on input line 240.


Package natbib Warning: Citation `edesRolePublicAdministration2000' on page 5 undefined on input line 240.


Package natbib Warning: Citation `corinaIMAGELOCALPUBLIC2013' on page 5 undefined on input line 240.


Package natbib Warning: Citation `baesuDigitalizationPublicAdministration2021' on page 5 undefined on input line 242.


Package natbib Warning: Citation `banciuERomaniaACitizensGateway2009' on page 5 undefined on input line 242.


Package natbib Warning: Citation `mateiFutureOnlineLearning2022' on page 5 undefined on input line 242.


Package natbib Warning: Citation `baesuDigitalizationPublicAdministration2021' on page 5 undefined on input line 242.


Package natbib Warning: Citation `banciuERomaniaACitizensGateway2009' on page 5 undefined on input line 242.


Package fancyhdr Warning: \headheight is too small (15.2pt): 
(fancyhdr)                Make it at least 27.11652pt, for example:
(fancyhdr)                \setlength{\headheight}{27.11652pt}.
(fancyhdr)                You might also make \topmargin smaller to compensate:
(fancyhdr)                \addtolength{\topmargin}{-11.91652pt}.

[5]

Package natbib Warning: Citation `maier-rablerOpenChangingRelation2011' on page 6 undefined on input line 244.


Package natbib Warning: Citation `mateiGoodAdministrationPerformance2014' on page 6 undefined on input line 246.


Package natbib Warning: Citation `mariusPublicAdministrationRegional2021' on page 6 undefined on input line 246.


Package natbib Warning: Citation `mateiGoodAdministrationPerformance2014' on page 6 undefined on input line 246.


Package natbib Warning: Citation `deacImpactInformationCommunication2020' on page 6 undefined on input line 248.


Package natbib Warning: Citation `mituImportanceCommunicationPublic2021' on page 6 undefined on input line 248.


Package natbib Warning: Citation `deacImpactInformationCommunication2020' on page 6 undefined on input line 248.


Package natbib Warning: Citation `mituImportanceCommunicationPublic2021' on page 6 undefined on input line 248.


Underfull \vbox (badness 10000) has occurred while \output is active []


Package fancyhdr Warning: \headheight is too small (15.2pt): 
(fancyhdr)                Make it at least 27.11652pt, for example:
(fancyhdr)                \setlength{\headheight}{27.11652pt}.
(fancyhdr)                You might also make \topmargin smaller to compensate:
(fancyhdr)                \addtolength{\topmargin}{-11.91652pt}.

[6]

Package fancyhdr Warning: \headheight is too small (15.2pt): 
(fancyhdr)                Make it at least 27.11652pt, for example:
(fancyhdr)                \setlength{\headheight}{27.11652pt}.
(fancyhdr)                You might also make \topmargin smaller to compensate:
(fancyhdr)                \addtolength{\topmargin}{-11.91652pt}.

[7]

Package natbib Warning: Citation `R-base' on page 8 undefined on input line 292.


Package natbib Warning: Citation `R-kableExtra' on page 8 undefined on input line 292.


Package natbib Warning: Citation `R-knitr' on page 8 undefined on input line 292.


Package natbib Warning: Citation `R-papaja' on page 8 undefined on input line 292.


Package natbib Warning: Citation `R-png' on page 8 undefined on input line 292.


Package natbib Warning: Citation `R-tinylabels' on page 8 undefined on input line 292.

\openout4 = `Article.fff'.

(Article.fff)

LaTeX Warning: Reference `fig:Moz-Range-I1' on page 8 undefined on input line 317.


LaTeX Warning: Reference `fig:Bar-Range-I1' on page 8 undefined on input line 317.


Package fancyhdr Warning: \headheight is too small (15.2pt): 
(fancyhdr)                Make it at least 27.11652pt, for example:
(fancyhdr)                \setlength{\headheight}{27.11652pt}.
(fancyhdr)                You might also make \topmargin smaller to compensate:
(fancyhdr)                \addtolength{\topmargin}{-11.91652pt}.

[8{c:/Users/offic/AppData/Roaming/TinyTeX/texmf-dist/fonts/enc/dvips/lm/lm-mathit.enc}]

LaTeX Warning: Reference `fig:Moz-Range-I2' on page 9 undefined on input line 339.


LaTeX Warning: Reference `fig:Bar-Range-I2' on page 9 undefined on input line 339.


LaTeX Warning: Reference `fig:Moz-Range-I3' on page 9 undefined on input line 361.


LaTeX Warning: Reference `fig:Bar-Range-I3' on page 9 undefined on input line 361.


Package fancyhdr Warning: \headheight is too small (15.2pt): 
(fancyhdr)                Make it at least 27.11652pt, for example:
(fancyhdr)                \setlength{\headheight}{27.11652pt}.
(fancyhdr)                You might also make \topmargin smaller to compensate:
(fancyhdr)                \addtolength{\topmargin}{-11.91652pt}.

[9]

LaTeX Warning: Reference `fig:Moz-Range-I4' on page 10 undefined on input line 383.


LaTeX Warning: Reference `fig:Bar-Range-I4' on page 10 undefined on input line 383.


LaTeX Warning: Reference `fig:Moz-Range-I5' on page 10 undefined on input line 405.


LaTeX Warning: Reference `fig:Bar-Range-I5' on page 10 undefined on input line 405.


LaTeX Warning: Reference `fig:Moz-Range-I6' on page 10 undefined on input line 427.


LaTeX Warning: Reference `fig:Bar-Range-I6' on page 10 undefined on input line 427.


Package fancyhdr Warning: \headheight is too small (15.2pt): 
(fancyhdr)                Make it at least 27.11652pt, for example:
(fancyhdr)                \setlength{\headheight}{27.11652pt}.
(fancyhdr)                You might also make \topmargin smaller to compensate:
(fancyhdr)                \addtolength{\topmargin}{-11.91652pt}.

[10]

LaTeX Warning: Reference `fig:Moz-Range-I7' on page 11 undefined on input line 449.


LaTeX Warning: Reference `fig:Bar-Range-I7' on page 11 undefined on input line 449.


LaTeX Warning: Reference `fig:Moz-Range-I8' on page 11 undefined on input line 471.


LaTeX Warning: Reference `fig:Bar-Range-I8' on page 11 undefined on input line 471.


Package fancyhdr Warning: \headheight is too small (15.2pt): 
(fancyhdr)                Make it at least 27.11652pt, for example:
(fancyhdr)                \setlength{\headheight}{27.11652pt}.
(fancyhdr)                You might also make \topmargin smaller to compensate:
(fancyhdr)                \addtolength{\topmargin}{-11.91652pt}.

[11]

LaTeX Warning: Reference `fig:Moz-Range-I9' on page 12 undefined on input line 493.


LaTeX Warning: Reference `fig:Bar-Range-I9' on page 12 undefined on input line 493.


LaTeX Warning: Reference `fig:Moz-Range-I10' on page 12 undefined on input line 515.


LaTeX Warning: Reference `fig:Bar-Range-I10' on page 12 undefined on input line 515.


LaTeX Warning: Reference `fig:Moz-Range-I11' on page 12 undefined on input line 537.


LaTeX Warning: Reference `fig:Bar-Range-I11' on page 12 undefined on input line 537.


Package fancyhdr Warning: \headheight is too small (15.2pt): 
(fancyhdr)                Make it at least 27.11652pt, for example:
(fancyhdr)                \setlength{\headheight}{27.11652pt}.
(fancyhdr)                You might also make \topmargin smaller to compensate:
(fancyhdr)                \addtolength{\topmargin}{-11.91652pt}.

[12]

LaTeX Warning: Reference `fig:Moz-Range-I12' on page 13 undefined on input line 559.


LaTeX Warning: Reference `fig:Bar-Range-I12' on page 13 undefined on input line 559.


LaTeX Warning: Reference `fig:Moz-Range-I13' on page 13 undefined on input line 581.


LaTeX Warning: Reference `fig:Bar-Range-I13' on page 13 undefined on input line 581.


Package fancyhdr Warning: \headheight is too small (15.2pt): 
(fancyhdr)                Make it at least 27.11652pt, for example:
(fancyhdr)                \setlength{\headheight}{27.11652pt}.
(fancyhdr)                You might also make \topmargin smaller to compensate:
(fancyhdr)                \addtolength{\topmargin}{-11.91652pt}.

[13]

Package fancyhdr Warning: \headheight is too small (15.2pt): 
(fancyhdr)                Make it at least 27.11652pt, for example:
(fancyhdr)                \setlength{\headheight}{27.11652pt}.
(fancyhdr)                You might also make \topmargin smaller to compensate:
(fancyhdr)                \addtolength{\topmargin}{-11.91652pt}.

[14]
Underfull \vbox (badness 3977) has occurred while \output is active []


Package fancyhdr Warning: \headheight is too small (15.2pt): 
(fancyhdr)                Make it at least 27.11652pt, for example:
(fancyhdr)                \setlength{\headheight}{27.11652pt}.
(fancyhdr)                You might also make \topmargin smaller to compensate:
(fancyhdr)                \addtolength{\topmargin}{-11.91652pt}.

[15]

Package fancyhdr Warning: \headheight is too small (15.2pt): 
(fancyhdr)                Make it at least 27.11652pt, for example:
(fancyhdr)                \setlength{\headheight}{27.11652pt}.
(fancyhdr)                You might also make \topmargin smaller to compensate:
(fancyhdr)                \addtolength{\topmargin}{-11.91652pt}.

[16]
No file Article.bbl.
AED endfloat: Processing end Figures and Tables

Package fancyhdr Warning: \headheight is too small (15.2pt): 
(fancyhdr)                Make it at least 27.11652pt, for example:
(fancyhdr)                \setlength{\headheight}{27.11652pt}.
(fancyhdr)                You might also make \topmargin smaller to compensate:
(fancyhdr)                \addtolength{\topmargin}{-11.91652pt}.

[17] (./Article.fff
<Article_files/figure-latex/Analysis-1.pdf, id=134, 469.755pt x 325.215pt>
File: Article_files/figure-latex/Analysis-1.pdf Graphic file (type pdf)
<use Article_files/figure-latex/Analysis-1.pdf>
Package pdftex.def Info: Article_files/figure-latex/Analysis-1.pdf  used on input line 5.
(pdftex.def)             Requested size: 469.75386pt x 325.2142pt.
<Article_files/figure-latex/Bar-Range-I1-1.pdf, id=135, 469.755pt x 325.215pt>
File: Article_files/figure-latex/Bar-Range-I1-1.pdf Graphic file (type pdf)
<use Article_files/figure-latex/Bar-Range-I1-1.pdf>
Package pdftex.def Info: Article_files/figure-latex/Bar-Range-I1-1.pdf  used on input line 15.
(pdftex.def)             Requested size: 469.75386pt x 325.2142pt.
<Article_files/figure-latex/Analysis-2.pdf, id=136, 469.755pt x 325.215pt>
File: Article_files/figure-latex/Analysis-2.pdf Graphic file (type pdf)
<use Article_files/figure-latex/Analysis-2.pdf>
Package pdftex.def Info: Article_files/figure-latex/Analysis-2.pdf  used on input line 25.
(pdftex.def)             Requested size: 469.75386pt x 325.2142pt.
<Article_files/figure-latex/Bar-Range-I2-1.pdf, id=137, 469.755pt x 325.215pt>
File: Article_files/figure-latex/Bar-Range-I2-1.pdf Graphic file (type pdf)
<use Article_files/figure-latex/Bar-Range-I2-1.pdf>
Package pdftex.def Info: Article_files/figure-latex/Bar-Range-I2-1.pdf  used on input line 35.
(pdftex.def)             Requested size: 469.75386pt x 325.2142pt.
<Article_files/figure-latex/Analysis-3.pdf, id=138, 469.755pt x 325.215pt>
File: Article_files/figure-latex/Analysis-3.pdf Graphic file (type pdf)
<use Article_files/figure-latex/Analysis-3.pdf>
Package pdftex.def Info: Article_files/figure-latex/Analysis-3.pdf  used on input line 45.
(pdftex.def)             Requested size: 469.75386pt x 325.2142pt.
<Article_files/figure-latex/Bar-Range-I3-1.pdf, id=139, 469.755pt x 325.215pt>
File: Article_files/figure-latex/Bar-Range-I3-1.pdf Graphic file (type pdf)
<use Article_files/figure-latex/Bar-Range-I3-1.pdf>
Package pdftex.def Info: Article_files/figure-latex/Bar-Range-I3-1.pdf  used on input line 55.
(pdftex.def)             Requested size: 469.75386pt x 325.2142pt.
<Article_files/figure-latex/Analysis-4.pdf, id=140, 469.755pt x 325.215pt>
File: Article_files/figure-latex/Analysis-4.pdf Graphic file (type pdf)
<use Article_files/figure-latex/Analysis-4.pdf>
Package pdftex.def Info: Article_files/figure-latex/Analysis-4.pdf  used on input line 65.
(pdftex.def)             Requested size: 469.75386pt x 325.2142pt.
<Article_files/figure-latex/Bar-Range-I4-1.pdf, id=141, 469.755pt x 325.215pt>
File: Article_files/figure-latex/Bar-Range-I4-1.pdf Graphic file (type pdf)
<use Article_files/figure-latex/Bar-Range-I4-1.pdf>
Package pdftex.def Info: Article_files/figure-latex/Bar-Range-I4-1.pdf  used on input line 75.
(pdftex.def)             Requested size: 469.75386pt x 325.2142pt.
<Article_files/figure-latex/Analysis-5.pdf, id=142, 469.755pt x 325.215pt>
File: Article_files/figure-latex/Analysis-5.pdf Graphic file (type pdf)
<use Article_files/figure-latex/Analysis-5.pdf>
Package pdftex.def Info: Article_files/figure-latex/Analysis-5.pdf  used on input line 85.
(pdftex.def)             Requested size: 469.75386pt x 325.2142pt.
<Article_files/figure-latex/Bar-Range-I5-1.pdf, id=143, 469.755pt x 325.215pt>
File: Article_files/figure-latex/Bar-Range-I5-1.pdf Graphic file (type pdf)
<use Article_files/figure-latex/Bar-Range-I5-1.pdf>
Package pdftex.def Info: Article_files/figure-latex/Bar-Range-I5-1.pdf  used on input line 95.
(pdftex.def)             Requested size: 469.75386pt x 325.2142pt.
<Article_files/figure-latex/Analysis-6.pdf, id=144, 469.755pt x 325.215pt>
File: Article_files/figure-latex/Analysis-6.pdf Graphic file (type pdf)
<use Article_files/figure-latex/Analysis-6.pdf>
Package pdftex.def Info: Article_files/figure-latex/Analysis-6.pdf  used on input line 105.
(pdftex.def)             Requested size: 469.75386pt x 325.2142pt.
<Article_files/figure-latex/Bar-Range-I6-1.pdf, id=145, 469.755pt x 325.215pt>
File: Article_files/figure-latex/Bar-Range-I6-1.pdf Graphic file (type pdf)
<use Article_files/figure-latex/Bar-Range-I6-1.pdf>
Package pdftex.def Info: Article_files/figure-latex/Bar-Range-I6-1.pdf  used on input line 115.
(pdftex.def)             Requested size: 469.75386pt x 325.2142pt.
<Article_files/figure-latex/Analysis-7.pdf, id=146, 469.755pt x 325.215pt>
File: Article_files/figure-latex/Analysis-7.pdf Graphic file (type pdf)
<use Article_files/figure-latex/Analysis-7.pdf>
Package pdftex.def Info: Article_files/figure-latex/Analysis-7.pdf  used on input line 125.
(pdftex.def)             Requested size: 469.75386pt x 325.2142pt.
<Article_files/figure-latex/Bar-Range-I7-1.pdf, id=147, 469.755pt x 325.215pt>
File: Article_files/figure-latex/Bar-Range-I7-1.pdf Graphic file (type pdf)
<use Article_files/figure-latex/Bar-Range-I7-1.pdf>
Package pdftex.def Info: Article_files/figure-latex/Bar-Range-I7-1.pdf  used on input line 135.
(pdftex.def)             Requested size: 469.75386pt x 325.2142pt.
<Article_files/figure-latex/Analysis-8.pdf, id=148, 469.755pt x 325.215pt>
File: Article_files/figure-latex/Analysis-8.pdf Graphic file (type pdf)
<use Article_files/figure-latex/Analysis-8.pdf>
Package pdftex.def Info: Article_files/figure-latex/Analysis-8.pdf  used on input line 145.
(pdftex.def)             Requested size: 469.75386pt x 325.2142pt.
<Article_files/figure-latex/Bar-Range-I8-1.pdf, id=149, 469.755pt x 325.215pt>
File: Article_files/figure-latex/Bar-Range-I8-1.pdf Graphic file (type pdf)
<use Article_files/figure-latex/Bar-Range-I8-1.pdf>
Package pdftex.def Info: Article_files/figure-latex/Bar-Range-I8-1.pdf  used on input line 155.
(pdftex.def)             Requested size: 469.75386pt x 325.2142pt.
<Article_files/figure-latex/Analysis-9.pdf, id=150, 469.755pt x 325.215pt>
File: Article_files/figure-latex/Analysis-9.pdf Graphic file (type pdf)
<use Article_files/figure-latex/Analysis-9.pdf>
Package pdftex.def Info: Article_files/figure-latex/Analysis-9.pdf  used on input line 165.
(pdftex.def)             Requested size: 469.75386pt x 325.2142pt.
<Article_files/figure-latex/Bar-Range-I9-1.pdf, id=151, 469.755pt x 325.215pt>
File: Article_files/figure-latex/Bar-Range-I9-1.pdf Graphic file (type pdf)
<use Article_files/figure-latex/Bar-Range-I9-1.pdf>
Package pdftex.def Info: Article_files/figure-latex/Bar-Range-I9-1.pdf  used on input line 175.
(pdftex.def)             Requested size: 469.75386pt x 325.2142pt.
<Article_files/figure-latex/Analysis-10.pdf, id=152, 469.755pt x 325.215pt>
File: Article_files/figure-latex/Analysis-10.pdf Graphic file (type pdf)
<use Article_files/figure-latex/Analysis-10.pdf>
Package pdftex.def Info: Article_files/figure-latex/Analysis-10.pdf  used on input line 185.
(pdftex.def)             Requested size: 469.75386pt x 325.2142pt.
<Article_files/figure-latex/Bar-Range-I10-1.pdf, id=153, 469.755pt x 325.215pt>
File: Article_files/figure-latex/Bar-Range-I10-1.pdf Graphic file (type pdf)
<use Article_files/figure-latex/Bar-Range-I10-1.pdf>
Package pdftex.def Info: Article_files/figure-latex/Bar-Range-I10-1.pdf  used on input line 195.
(pdftex.def)             Requested size: 469.75386pt x 325.2142pt.
<Article_files/figure-latex/Analysis-11.pdf, id=154, 469.755pt x 325.215pt>
File: Article_files/figure-latex/Analysis-11.pdf Graphic file (type pdf)
<use Article_files/figure-latex/Analysis-11.pdf>
Package pdftex.def Info: Article_files/figure-latex/Analysis-11.pdf  used on input line 205.
(pdftex.def)             Requested size: 469.75386pt x 325.2142pt.
<Article_files/figure-latex/Bar-Range-I11-1.pdf, id=155, 469.755pt x 325.215pt>
File: Article_files/figure-latex/Bar-Range-I11-1.pdf Graphic file (type pdf)
<use Article_files/figure-latex/Bar-Range-I11-1.pdf>
Package pdftex.def Info: Article_files/figure-latex/Bar-Range-I11-1.pdf  used on input line 215.
(pdftex.def)             Requested size: 469.75386pt x 325.2142pt.
<Article_files/figure-latex/Analysis-12.pdf, id=156, 469.755pt x 325.215pt>
File: Article_files/figure-latex/Analysis-12.pdf Graphic file (type pdf)
<use Article_files/figure-latex/Analysis-12.pdf>
Package pdftex.def Info: Article_files/figure-latex/Analysis-12.pdf  used on input line 225.
(pdftex.def)             Requested size: 469.75386pt x 325.2142pt.
<Article_files/figure-latex/Bar-Range-I12-1.pdf, id=157, 469.755pt x 325.215pt>
File: Article_files/figure-latex/Bar-Range-I12-1.pdf Graphic file (type pdf)
<use Article_files/figure-latex/Bar-Range-I12-1.pdf>
Package pdftex.def Info: Article_files/figure-latex/Bar-Range-I12-1.pdf  used on input line 235.
(pdftex.def)             Requested size: 469.75386pt x 325.2142pt.
<Article_files/figure-latex/Analysis-13.pdf, id=158, 469.755pt x 325.215pt>
File: Article_files/figure-latex/Analysis-13.pdf Graphic file (type pdf)
<use Article_files/figure-latex/Analysis-13.pdf>
Package pdftex.def Info: Article_files/figure-latex/Analysis-13.pdf  used on input line 245.
(pdftex.def)             Requested size: 469.75386pt x 325.2142pt.
<Article_files/figure-latex/Bar-Range-I13-1.pdf, id=159, 469.755pt x 325.215pt>
File: Article_files/figure-latex/Bar-Range-I13-1.pdf Graphic file (type pdf)
<use Article_files/figure-latex/Bar-Range-I13-1.pdf>
Package pdftex.def Info: Article_files/figure-latex/Bar-Range-I13-1.pdf  used on input line 255.
(pdftex.def)             Requested size: 469.75386pt x 325.2142pt.
)

Package natbib Warning: There were undefined citations.


Package fancyhdr Warning: \headheight is too small (15.2pt): 
(fancyhdr)                Make it at least 27.11652pt, for example:
(fancyhdr)                \setlength{\headheight}{27.11652pt}.
(fancyhdr)                You might also make \topmargin smaller to compensate:
(fancyhdr)                \addtolength{\topmargin}{-11.91652pt}.

[18


 <./Article_files/figure-latex/Analysis-1.pdf>]

Package fancyhdr Warning: \headheight is too small (15.2pt): 
(fancyhdr)                Make it at least 27.11652pt, for example:
(fancyhdr)                \setlength{\headheight}{27.11652pt}.
(fancyhdr)                You might also make \topmargin smaller to compensate:
(fancyhdr)                \addtolength{\topmargin}{-11.91652pt}.

[19 <./Article_files/figure-latex/Bar-Range-I1-1.pdf>]

Package fancyhdr Warning: \headheight is too small (15.2pt): 
(fancyhdr)                Make it at least 27.11652pt, for example:
(fancyhdr)                \setlength{\headheight}{27.11652pt}.
(fancyhdr)                You might also make \topmargin smaller to compensate:
(fancyhdr)                \addtolength{\topmargin}{-11.91652pt}.

[20 <./Article_files/figure-latex/Analysis-2.pdf>]

Package fancyhdr Warning: \headheight is too small (15.2pt): 
(fancyhdr)                Make it at least 27.11652pt, for example:
(fancyhdr)                \setlength{\headheight}{27.11652pt}.
(fancyhdr)                You might also make \topmargin smaller to compensate:
(fancyhdr)                \addtolength{\topmargin}{-11.91652pt}.

[21 <./Article_files/figure-latex/Bar-Range-I2-1.pdf>]

Package fancyhdr Warning: \headheight is too small (15.2pt): 
(fancyhdr)                Make it at least 27.11652pt, for example:
(fancyhdr)                \setlength{\headheight}{27.11652pt}.
(fancyhdr)                You might also make \topmargin smaller to compensate:
(fancyhdr)                \addtolength{\topmargin}{-11.91652pt}.

[22 <./Article_files/figure-latex/Analysis-3.pdf>]

Package fancyhdr Warning: \headheight is too small (15.2pt): 
(fancyhdr)                Make it at least 27.11652pt, for example:
(fancyhdr)                \setlength{\headheight}{27.11652pt}.
(fancyhdr)                You might also make \topmargin smaller to compensate:
(fancyhdr)                \addtolength{\topmargin}{-11.91652pt}.

[23 <./Article_files/figure-latex/Bar-Range-I3-1.pdf>]

Package fancyhdr Warning: \headheight is too small (15.2pt): 
(fancyhdr)                Make it at least 27.11652pt, for example:
(fancyhdr)                \setlength{\headheight}{27.11652pt}.
(fancyhdr)                You might also make \topmargin smaller to compensate:
(fancyhdr)                \addtolength{\topmargin}{-11.91652pt}.

[24 <./Article_files/figure-latex/Analysis-4.pdf>]

Package fancyhdr Warning: \headheight is too small (15.2pt): 
(fancyhdr)                Make it at least 27.11652pt, for example:
(fancyhdr)                \setlength{\headheight}{27.11652pt}.
(fancyhdr)                You might also make \topmargin smaller to compensate:
(fancyhdr)                \addtolength{\topmargin}{-11.91652pt}.

[25 <./Article_files/figure-latex/Bar-Range-I4-1.pdf>]

Package fancyhdr Warning: \headheight is too small (15.2pt): 
(fancyhdr)                Make it at least 27.11652pt, for example:
(fancyhdr)                \setlength{\headheight}{27.11652pt}.
(fancyhdr)                You might also make \topmargin smaller to compensate:
(fancyhdr)                \addtolength{\topmargin}{-11.91652pt}.

[26 <./Article_files/figure-latex/Analysis-5.pdf>]

Package fancyhdr Warning: \headheight is too small (15.2pt): 
(fancyhdr)                Make it at least 27.11652pt, for example:
(fancyhdr)                \setlength{\headheight}{27.11652pt}.
(fancyhdr)                You might also make \topmargin smaller to compensate:
(fancyhdr)                \addtolength{\topmargin}{-11.91652pt}.

[27 <./Article_files/figure-latex/Bar-Range-I5-1.pdf>]

Package fancyhdr Warning: \headheight is too small (15.2pt): 
(fancyhdr)                Make it at least 27.11652pt, for example:
(fancyhdr)                \setlength{\headheight}{27.11652pt}.
(fancyhdr)                You might also make \topmargin smaller to compensate:
(fancyhdr)                \addtolength{\topmargin}{-11.91652pt}.

[28 <./Article_files/figure-latex/Analysis-6.pdf>]

Package fancyhdr Warning: \headheight is too small (15.2pt): 
(fancyhdr)                Make it at least 27.11652pt, for example:
(fancyhdr)                \setlength{\headheight}{27.11652pt}.
(fancyhdr)                You might also make \topmargin smaller to compensate:
(fancyhdr)                \addtolength{\topmargin}{-11.91652pt}.

[29 <./Article_files/figure-latex/Bar-Range-I6-1.pdf>]

Package fancyhdr Warning: \headheight is too small (15.2pt): 
(fancyhdr)                Make it at least 27.11652pt, for example:
(fancyhdr)                \setlength{\headheight}{27.11652pt}.
(fancyhdr)                You might also make \topmargin smaller to compensate:
(fancyhdr)                \addtolength{\topmargin}{-11.91652pt}.

[30 <./Article_files/figure-latex/Analysis-7.pdf>]

Package fancyhdr Warning: \headheight is too small (15.2pt): 
(fancyhdr)                Make it at least 27.11652pt, for example:
(fancyhdr)                \setlength{\headheight}{27.11652pt}.
(fancyhdr)                You might also make \topmargin smaller to compensate:
(fancyhdr)                \addtolength{\topmargin}{-11.91652pt}.

[31 <./Article_files/figure-latex/Bar-Range-I7-1.pdf>]

Package fancyhdr Warning: \headheight is too small (15.2pt): 
(fancyhdr)                Make it at least 27.11652pt, for example:
(fancyhdr)                \setlength{\headheight}{27.11652pt}.
(fancyhdr)                You might also make \topmargin smaller to compensate:
(fancyhdr)                \addtolength{\topmargin}{-11.91652pt}.

[32 <./Article_files/figure-latex/Analysis-8.pdf>]

Package fancyhdr Warning: \headheight is too small (15.2pt): 
(fancyhdr)                Make it at least 27.11652pt, for example:
(fancyhdr)                \setlength{\headheight}{27.11652pt}.
(fancyhdr)                You might also make \topmargin smaller to compensate:
(fancyhdr)                \addtolength{\topmargin}{-11.91652pt}.

[33 <./Article_files/figure-latex/Bar-Range-I8-1.pdf>]

Package fancyhdr Warning: \headheight is too small (15.2pt): 
(fancyhdr)                Make it at least 27.11652pt, for example:
(fancyhdr)                \setlength{\headheight}{27.11652pt}.
(fancyhdr)                You might also make \topmargin smaller to compensate:
(fancyhdr)                \addtolength{\topmargin}{-11.91652pt}.

[34 <./Article_files/figure-latex/Analysis-9.pdf>]

Package fancyhdr Warning: \headheight is too small (15.2pt): 
(fancyhdr)                Make it at least 27.11652pt, for example:
(fancyhdr)                \setlength{\headheight}{27.11652pt}.
(fancyhdr)                You might also make \topmargin smaller to compensate:
(fancyhdr)                \addtolength{\topmargin}{-11.91652pt}.

[35 <./Article_files/figure-latex/Bar-Range-I9-1.pdf>]

Package fancyhdr Warning: \headheight is too small (15.2pt): 
(fancyhdr)                Make it at least 27.11652pt, for example:
(fancyhdr)                \setlength{\headheight}{27.11652pt}.
(fancyhdr)                You might also make \topmargin smaller to compensate:
(fancyhdr)                \addtolength{\topmargin}{-11.91652pt}.

[36 <./Article_files/figure-latex/Analysis-10.pdf>]

Package fancyhdr Warning: \headheight is too small (15.2pt): 
(fancyhdr)                Make it at least 27.11652pt, for example:
(fancyhdr)                \setlength{\headheight}{27.11652pt}.
(fancyhdr)                You might also make \topmargin smaller to compensate:
(fancyhdr)                \addtolength{\topmargin}{-11.91652pt}.

[37 <./Article_files/figure-latex/Bar-Range-I10-1.pdf>]

Package fancyhdr Warning: \headheight is too small (15.2pt): 
(fancyhdr)                Make it at least 27.11652pt, for example:
(fancyhdr)                \setlength{\headheight}{27.11652pt}.
(fancyhdr)                You might also make \topmargin smaller to compensate:
(fancyhdr)                \addtolength{\topmargin}{-11.91652pt}.

[38 <./Article_files/figure-latex/Analysis-11.pdf>]

Package fancyhdr Warning: \headheight is too small (15.2pt): 
(fancyhdr)                Make it at least 27.11652pt, for example:
(fancyhdr)                \setlength{\headheight}{27.11652pt}.
(fancyhdr)                You might also make \topmargin smaller to compensate:
(fancyhdr)                \addtolength{\topmargin}{-11.91652pt}.

[39 <./Article_files/figure-latex/Bar-Range-I11-1.pdf>]

Package fancyhdr Warning: \headheight is too small (15.2pt): 
(fancyhdr)                Make it at least 27.11652pt, for example:
(fancyhdr)                \setlength{\headheight}{27.11652pt}.
(fancyhdr)                You might also make \topmargin smaller to compensate:
(fancyhdr)                \addtolength{\topmargin}{-11.91652pt}.

[40 <./Article_files/figure-latex/Analysis-12.pdf>]

Package fancyhdr Warning: \headheight is too small (15.2pt): 
(fancyhdr)                Make it at least 27.11652pt, for example:
(fancyhdr)                \setlength{\headheight}{27.11652pt}.
(fancyhdr)                You might also make \topmargin smaller to compensate:
(fancyhdr)                \addtolength{\topmargin}{-11.91652pt}.

[41 <./Article_files/figure-latex/Bar-Range-I12-1.pdf>]

Package fancyhdr Warning: \headheight is too small (15.2pt): 
(fancyhdr)                Make it at least 27.11652pt, for example:
(fancyhdr)                \setlength{\headheight}{27.11652pt}.
(fancyhdr)                You might also make \topmargin smaller to compensate:
(fancyhdr)                \addtolength{\topmargin}{-11.91652pt}.

[42 <./Article_files/figure-latex/Analysis-13.pdf>]

Package fancyhdr Warning: \headheight is too small (15.2pt): 
(fancyhdr)                Make it at least 27.11652pt, for example:
(fancyhdr)                \setlength{\headheight}{27.11652pt}.
(fancyhdr)                You might also make \topmargin smaller to compensate:
(fancyhdr)                \addtolength{\topmargin}{-11.91652pt}.

[43 <./Article_files/figure-latex/Bar-Range-I13-1.pdf>] (./Article.aux)
 ***********
LaTeX2e <2023-06-01> patch level 1
L3 programming layer <2020/03/25>
 ***********

LaTeX Warning: There were undefined references.


LaTeX Warning: Label(s) may have changed. Rerun to get cross-references right.


Package rerunfilecheck Warning: File `Article.out' has changed.
(rerunfilecheck)                Rerun to get outlines right
(rerunfilecheck)                or use package `bookmark'.

Package rerunfilecheck Info: Checksums for `Article.out':
(rerunfilecheck)             Before: <no file>
(rerunfilecheck)             After:  D0E94CEB98F75CABD455C77FAB59D651;8724.
 ) 
Here is how much of TeX's memory you used:
 16409 strings out of 477683
 273970 string characters out of 5829571
 1872763 words of memory out of 5000000
 36525 multiletter control sequences out of 15000+600000
 568139 words of font info for 72 fonts, out of 8000000 for 9000
 14 hyphenation exceptions out of 8191
 72i,11n,79p,1050b,601s stack positions out of 10000i,1000n,20000p,200000b,200000s
<c:/Users/offic/AppData/Roaming/TinyTeX/texmf-dist/fonts/type1/public/lm/lmbx12.pfb><c:/Users/offic/AppData/Roaming/TinyTeX/texmf-dist/fonts/type1/public/lm/lmbx6.pfb><c:/Users/offic/AppData/Roaming/TinyTeX/texmf-dist/fonts/type1/public/lm/lmbxi10.pfb><c:/Users/offic/AppData/Roaming/TinyTeX/texmf-dist/fonts/type1/public/lm/lmmi12.pfb><c:/Users/offic/AppData/Roaming/TinyTeX/texmf-dist/fonts/type1/public/lm/lmr12.pfb><c:/Users/offic/AppData/Roaming/TinyTeX/texmf-dist/fonts/type1/public/lm/lmr6.pfb><c:/Users/offic/AppData/Roaming/TinyTeX/texmf-dist/fonts/type1/public/lm/lmr8.pfb><c:/Users/offic/AppData/Roaming/TinyTeX/texmf-dist/fonts/type1/public/lm/lmri12.pfb><c:/Users/offic/AppData/Roaming/TinyTeX/texmf-dist/fonts/type1/public/lm/lmss8.pfb>
Output written on Article.pdf (43 pages, 307622 bytes).
PDF statistics:
 509 PDF objects out of 1000 (max. 8388607)
 390 compressed objects within 4 object streams
 118 named destinations out of 1000 (max. 500000)
 131 words of extra memory for PDF output out of 10000 (max. 10000000)

